Started at Wed Sep 21 07:40:32 GMT 2022
Processing dsl_job1
Offering dsl_job1 to Project Build Discarder
Processing dsl_job2
Offering dsl_job2 to Project Build Discarder
Processing DSL_SEED
Offering DSL_SEED to Project Build Discarder
Processing first_pipeline
Offering first_pipeline to Project Build Discarder
Processing multi-step-pipeline
Offering multi-step-pipeline to Project Build Discarder
Processing my_ssh_job
Offering my_ssh_job to Project Build Discarder
Processing scm_job
Offering scm_job to Project Build Discarder
Finished at Wed Sep 21 07:40:32 GMT 2022. 84ms
Started at Wed Sep 21 08:40:32 GMT 2022
Processing dsl_job1
Offering dsl_job1 to Project Build Discarder
Processing dsl_job2
Offering dsl_job2 to Project Build Discarder
Processing DSL_SEED
Offering DSL_SEED to Project Build Discarder
Processing first_pipeline
Offering first_pipeline to Project Build Discarder
Processing multi-step-pipeline
Offering multi-step-pipeline to Project Build Discarder
Processing my_ssh_job
Offering my_ssh_job to Project Build Discarder
Processing scm_job
Offering scm_job to Project Build Discarder
Finished at Wed Sep 21 08:40:32 GMT 2022. 29ms
Started at Wed Sep 21 09:40:32 GMT 2022
Processing dsl_job1
Offering dsl_job1 to Project Build Discarder
Processing dsl_job2
Offering dsl_job2 to Project Build Discarder
Processing DSL_SEED
Offering DSL_SEED to Project Build Discarder
Processing first_pipeline
Offering first_pipeline to Project Build Discarder
Processing multi-step-pipeline
Offering multi-step-pipeline to Project Build Discarder
Processing my_ssh_job
Offering my_ssh_job to Project Build Discarder
Processing scm_job
Offering scm_job to Project Build Discarder
Processing timeout-pipeline
Offering timeout-pipeline to Project Build Discarder
Finished at Wed Sep 21 09:40:32 GMT 2022. 29ms
